[38;5;112m[Appium][0m Welcome to Appium v3.1.2
[38;5;112m[Appium][0m Non-default server args:
[38;5;112m[Appium][0m { basePath: [32m'/wd/hub'[39m, loglevel: [32m'info'[39m, port: [33m13099[39m }
[38;5;112m[Appium][0m Attempting to load driver uiautomator2...
[38;5;112m[Appium][0m Appium REST http interface listener started on http://0.0.0.0:13099/wd/hub
[38;5;112m[Appium][0m You can provide the following URLs in your client code to connect to this server:
	http://192.168.1.2:13099/wd/hub
	http://127.0.0.1:13099/wd/hub (only accessible from the same host)
	http://172.30.0.1:13099/wd/hub
[38;5;112m[Appium][0m Available drivers:
[38;5;112m[Appium][0m   - uiautomator2@6.7.9 (automationName 'UiAutomator2')
[38;5;112m[Appium][0m No plugins have been installed. Use the "appium plugin" command to install the one(s) you want to use.
[38;5;86m[HTTP][0m [37m-->[39m [37mGET[39m [37m/wd/hub/status[39m [90m[39m
[38;5;86m[HTTP][0m [37m<-- GET /wd/hub/status [39m[32m200[39m [90m6 ms - 110[39m [90m[39m
[38;5;86m[HTTP][0m [37m-->[39m [37mGET[39m [37m/wd/hub/status[39m [90m[39m
[38;5;86m[HTTP][0m [37m<-- GET /wd/hub/status [39m[32m200[39m [90m1 ms - 110[39m [90m[39m
[38;5;86m[HTTP][0m [37m-->[39m [37mPOST[39m [37m/wd/hub/session[39m [90m{"capabilities":{"firstMatch":[{"appium:autoGrantPermissions":true,"appium:automationName":"uiautomator2","appium:deviceName":"emulator-5554 (sdk_gphone64_x86_64 - Android 15)","appium:newCommandTimeout":1800,"appium:platformVersion":"15","appium:systemPort":8212,"appium:udid":"emulator-5554","platformName":"ANDROID"}]},"desiredCapabilities":{"appium:autoGrantPermissions":true,"appium:automationName":"uiautomator2","appium:deviceName":"emulator-5554 (sdk_gphone64_x86_64 - Android 15)","appium:newCommandTimeout":1800,"appium:platformVersion":"15","appium:systemPort":8212,"appium:udid":"emulator-5554","platformName":"ANDROID"}}[39m
[38;5;123m[BaseDriver][0m The following arguments are not known and will be ignored: desiredCapabilities
[38;5;112m[Appium][0m Attempting to find matching driver for automationName 'uiautomator2' and platformName 'ANDROID'
[38;5;112m[Appium][0m The 'uiautomator2' driver was installed and matched caps.
[38;5;112m[Appium][0m Will require it at C:\Users\Lenovo\.appium\node_modules\appium-uiautomator2-driver
[38;5;61m[AppiumDriver@2f81][0m Appium v3.1.2 creating new AndroidUiautomator2Driver (v6.7.9) session
[38;5;61m[AppiumDriver@2f81][0m Checking BaseDriver versions for Appium and AndroidUiautomator2Driver
[38;5;61m[AppiumDriver@2f81][0m Appium's BaseDriver version is 10.1.2
[38;5;61m[AppiumDriver@2f81][0m AndroidUiautomator2Driver's BaseDriver version is 10.1.2
[38;5;107m[084471d1][0m[38;5;-53m[AndroidUiautomator2Driver@485c][0m Session created with session id: 084471d1-c817-4f0e-92e3-4f86056eb378
[38;5;107m[084471d1][0m[38;5;229m[ADB][0m Found 3 'build-tools' folders under 'C:\Users\Lenovo\AppData\Local\Android\Sdk' (newest first):
[38;5;107m[084471d1][0m[38;5;229m[ADB][0m     C:\Users\Lenovo\AppData\Local\Android\Sdk\build-tools\36.1.0
[38;5;107m[084471d1][0m[38;5;229m[ADB][0m     C:\Users\Lenovo\AppData\Local\Android\Sdk\build-tools\35.0.0
[38;5;107m[084471d1][0m[38;5;229m[ADB][0m     C:\Users\Lenovo\AppData\Local\Android\Sdk\build-tools\34.0.0
[38;5;107m[084471d1][0m[38;5;229m[ADB][0m Using 'adb.exe' from 'C:\Users\Lenovo\AppData\Local\Android\Sdk\platform-tools\adb.exe'
[38;5;107m[084471d1][0m[38;5;-53m[AndroidUiautomator2Driver@485c][0m Retrieving device list
[38;5;107m[084471d1][0m[38;5;-53m[AndroidUiautomator2Driver@485c][0m Using device: emulator-5554
[38;5;107m[084471d1][0m[38;5;229m[ADB][0m Using 'adb.exe' from 'C:\Users\Lenovo\AppData\Local\Android\Sdk\platform-tools\adb.exe'
[38;5;107m[084471d1][0m[38;5;-53m[AndroidUiautomator2Driver@485c][0m Neither 'app' nor 'appPackage' was set. Starting UiAutomator2 without the target application
[38;5;107m[084471d1][0m[38;5;229m[ADB][0m Getting device platform version
[38;5;107m[084471d1][0m[38;5;-53m[AndroidUiautomator2Driver@485c][0m Relaxing hidden api policy
[38;5;107m[084471d1][0m[38;5;229m[ADB][0m Using 'aapt2.exe' from 'C:\Users\Lenovo\AppData\Local\Android\Sdk\build-tools\36.1.0\aapt2.exe'
[38;5;107m[084471d1][0m[38;5;-53m[AndroidUiautomator2Driver@485c][0m Server packages are not going to be (re)installed
[38;5;107m[084471d1][0m[38;5;229m[ADB][0m Adding packages ["io.appium.settings","io.appium.uiautomator2.server","io.appium.uiautomator2.server.test"] to Doze whitelist
[38;5;107m[084471d1][0m[38;5;-53m[AndroidUiautomator2Driver@485c][0m Starting UIAutomator2 server 9.9.1
[38;5;107m[084471d1][0m[38;5;-53m[AndroidUiautomator2Driver@485c][0m Using UIAutomator2 server from 'C:\Users\Lenovo\.appium\node_modules\appium-uiautomator2-driver\node_modules\appium-uiautomator2-server\apks\appium-uiautomator2-server-v9.9.1.apk' and test from 'C:\Users\Lenovo\.appium\node_modules\appium-uiautomator2-driver\node_modules\appium-uiautomator2-server\apks\appium-uiautomator2-server-debug-androidTest.apk'
[38;5;107m[084471d1][0m[38;5;-53m[AndroidUiautomator2Driver@485c][0m Waiting up to 30000ms for UiAutomator2 to be online...
[38;5;107m[084471d1][0m[38;5;-53m[AndroidUiautomator2Driver@485c][0m socket hang up
[38;5;107m[084471d1][0m[38;5;-53m[AndroidUiautomator2Driver@485c][0m socket hang up
[38;5;107m[084471d1][0m[38;5;-53m[AndroidUiautomator2Driver@485c][0m socket hang up
[38;5;107m[084471d1][0m[38;5;-53m[AndroidUiautomator2Driver@485c][0m socket hang up
[38;5;107m[084471d1][0m[38;5;-53m[AndroidUiautomator2Driver@485c][0m socket hang up
[38;5;107m[084471d1][0m[38;5;-53m[AndroidUiautomator2Driver@485c][0m socket hang up
[38;5;107m[084471d1][0m[38;5;-53m[AndroidUiautomator2Driver@485c][0m Determined the downstream protocol as 'W3C'
[38;5;107m[084471d1][0m[38;5;-53m[AndroidUiautomator2Driver@485c][0m Screen already unlocked, doing nothing
[38;5;107m[084471d1][0m[38;5;61m[AppiumDriver@2f81][0m New AndroidUiautomator2Driver session created successfully, session 084471d1-c817-4f0e-92e3-4f86056eb378 added to master session list
[38;5;107m[084471d1][0m[38;5;86m[HTTP][0m [37m<-- POST /wd/hub/session [39m[32m200[39m [90m8731 ms - 1000[39m [90m[39m
[38;5;86m[HTTP][0m [37m-->[39m [37mGET[39m [37m/status[39m [90m[39m
[38;5;86m[HTTP][0m [37m<-- GET /status [39m[33m404[39m [90m10 ms - 3110[39m [90m[39m
[38;5;107m[084471d1][0m[38;5;86m[HTTP][0m [37m-->[39m [37mPOST[39m [37m/wd/hub/session/084471d1-c817-4f0e-92e3-4f86056eb378/timeouts[39m [90m{"implicit":60000}[39m
[38;5;107m[084471d1][0m[38;5;86m[HTTP][0m [37m<-- POST /wd/hub/session/084471d1-c817-4f0e-92e3-4f86056eb378/timeouts [39m[32m200[39m [90m6 ms - 14[39m [90m[39m
[38;5;107m[084471d1][0m[38;5;86m[HTTP][0m [37m-->[39m [37mPOST[39m [37m/wd/hub/session/084471d1-c817-4f0e-92e3-4f86056eb378/execute/sync[39m [90m{"script":"mobile: getSystemBars","args":[]}[39m
[38;5;107m[084471d1][0m[38;5;86m[HTTP][0m [37m<-- POST /wd/hub/session/084471d1-c817-4f0e-92e3-4f86056eb378/execute/sync [39m[32m200[39m [90m113 ms - 150[39m [90m[39m
[38;5;107m[084471d1][0m[38;5;86m[HTTP][0m [37m-->[39m [37mPOST[39m [37m/wd/hub/session/084471d1-c817-4f0e-92e3-4f86056eb378/execute/sync[39m [90m{"script":"mobile: activateApp","args":[{"appId":"com.Advantage.aShopping","bundleId":"com.Advantage.aShopping"}]}[39m
[38;5;107m[084471d1][0m[38;5;123m[BaseDriver][0m The following arguments are not known and will be ignored: bundleId
[38;5;107m[084471d1][0m[38;5;86m[HTTP][0m [37m<-- POST /wd/hub/session/084471d1-c817-4f0e-92e3-4f86056eb378/execute/sync [39m[32m200[39m [90m231 ms - 14[39m [90m[39m
[38;5;107m[084471d1][0m[38;5;86m[HTTP][0m [37m-->[39m [37mGET[39m [37m/wd/hub/session/084471d1-c817-4f0e-92e3-4f86056eb378/source[39m [90m{}[39m
[38;5;107m[084471d1][0m[38;5;-53m[AndroidUiautomator2Driver@485c][0m Driver proxy active, passing request on via HTTP proxy
[38;5;107m[084471d1][0m[38;5;-53m[AndroidUiautomator2Driver@485c][0m Replacing sessionId 10591c7b-29b5-481e-a34f-23739ca4c404 with 084471d1-c817-4f0e-92e3-4f86056eb378
[38;5;107m[084471d1][0m[38;5;86m[HTTP][0m [37m<-- GET /wd/hub/session/084471d1-c817-4f0e-92e3-4f86056eb378/source [39m[32m200[39m [90m2545 ms - 9506[39m [90m[39m
[38;5;107m[084471d1][0m[38;5;86m[HTTP][0m [37m-->[39m [37mGET[39m [37m/wd/hub/session/084471d1-c817-4f0e-92e3-4f86056eb378/screenshot[39m [90m{}[39m
[38;5;107m[084471d1][0m[38;5;86m[HTTP][0m [37m<-- GET /wd/hub/session/084471d1-c817-4f0e-92e3-4f86056eb378/screenshot [39m[32m200[39m [90m3214 ms - 3029652[39m [90m[39m
[38;5;107m[084471d1][0m[38;5;86m[HTTP][0m [37m-->[39m [37mGET[39m [37m/wd/hub/session/084471d1-c817-4f0e-92e3-4f86056eb378/source[39m [90m{}[39m
[38;5;107m[084471d1][0m[38;5;-53m[AndroidUiautomator2Driver@485c][0m Driver proxy active, passing request on via HTTP proxy
[38;5;107m[084471d1][0m[38;5;-53m[AndroidUiautomator2Driver@485c][0m Replacing sessionId 10591c7b-29b5-481e-a34f-23739ca4c404 with 084471d1-c817-4f0e-92e3-4f86056eb378
[38;5;107m[084471d1][0m[38;5;86m[HTTP][0m [37m<-- GET /wd/hub/session/084471d1-c817-4f0e-92e3-4f86056eb378/source [39m[32m200[39m [90m104 ms - 25515[39m [90m[39m
[38;5;107m[084471d1][0m[38;5;86m[HTTP][0m [37m-->[39m [37mGET[39m [37m/wd/hub/session/084471d1-c817-4f0e-92e3-4f86056eb378/screenshot[39m [90m{}[39m
[38;5;107m[084471d1][0m[38;5;86m[HTTP][0m [37m<-- GET /wd/hub/session/084471d1-c817-4f0e-92e3-4f86056eb378/screenshot [39m[32m200[39m [90m1262 ms - 2370288[39m [90m[39m
[38;5;107m[084471d1][0m[38;5;86m[HTTP][0m [37m-->[39m [37mGET[39m [37m/wd/hub/session/084471d1-c817-4f0e-92e3-4f86056eb378/source[39m [90m{}[39m
[38;5;107m[084471d1][0m[38;5;-53m[AndroidUiautomator2Driver@485c][0m Driver proxy active, passing request on via HTTP proxy
[38;5;107m[084471d1][0m[38;5;-53m[AndroidUiautomator2Driver@485c][0m Replacing sessionId 10591c7b-29b5-481e-a34f-23739ca4c404 with 084471d1-c817-4f0e-92e3-4f86056eb378
[38;5;107m[084471d1][0m[38;5;86m[HTTP][0m [37m<-- GET /wd/hub/session/084471d1-c817-4f0e-92e3-4f86056eb378/source [39m[32m200[39m [90m94 ms - 34328[39m [90m[39m
[38;5;107m[084471d1][0m[38;5;86m[HTTP][0m [37m-->[39m [37mGET[39m [37m/wd/hub/session/084471d1-c817-4f0e-92e3-4f86056eb378/screenshot[39m [90m{}[39m
[38;5;107m[084471d1][0m[38;5;86m[HTTP][0m [37m<-- GET /wd/hub/session/084471d1-c817-4f0e-92e3-4f86056eb378/screenshot [39m[32m200[39m [90m550 ms - 1020948[39m [90m[39m
[38;5;107m[084471d1][0m[38;5;86m[HTTP][0m [37m-->[39m [37mGET[39m [37m/wd/hub/session/084471d1-c817-4f0e-92e3-4f86056eb378/source[39m [90m{}[39m
[38;5;107m[084471d1][0m[38;5;-53m[AndroidUiautomator2Driver@485c][0m Driver proxy active, passing request on via HTTP proxy
[38;5;107m[084471d1][0m[38;5;-53m[AndroidUiautomator2Driver@485c][0m Replacing sessionId 10591c7b-29b5-481e-a34f-23739ca4c404 with 084471d1-c817-4f0e-92e3-4f86056eb378
[38;5;107m[084471d1][0m[38;5;86m[HTTP][0m [37m<-- GET /wd/hub/session/084471d1-c817-4f0e-92e3-4f86056eb378/source [39m[32m200[39m [90m62 ms - 25579[39m [90m[39m
[38;5;107m[084471d1][0m[38;5;86m[HTTP][0m [37m-->[39m [37mGET[39m [37m/wd/hub/session/084471d1-c817-4f0e-92e3-4f86056eb378/screenshot[39m [90m{}[39m
[38;5;107m[084471d1][0m[38;5;86m[HTTP][0m [37m<-- GET /wd/hub/session/084471d1-c817-4f0e-92e3-4f86056eb378/screenshot [39m[32m200[39m [90m438 ms - 100860[39m [90m[39m
[38;5;107m[084471d1][0m[38;5;86m[HTTP][0m [37m-->[39m [37mGET[39m [37m/wd/hub/session/084471d1-c817-4f0e-92e3-4f86056eb378/timeouts[39m [90m{}[39m
[38;5;107m[084471d1][0m[38;5;86m[HTTP][0m [37m<-- GET /wd/hub/session/084471d1-c817-4f0e-92e3-4f86056eb378/timeouts [39m[32m200[39m [90m1 ms - 46[39m [90m[39m
[38;5;107m[084471d1][0m[38;5;86m[HTTP][0m [37m-->[39m [37mPOST[39m [37m/wd/hub/session/084471d1-c817-4f0e-92e3-4f86056eb378/timeouts[39m [90m{"implicit":0}[39m
[38;5;107m[084471d1][0m[38;5;86m[HTTP][0m [37m<-- POST /wd/hub/session/084471d1-c817-4f0e-92e3-4f86056eb378/timeouts [39m[32m200[39m [90m1 ms - 14[39m [90m[39m
[38;5;107m[084471d1][0m[38;5;86m[HTTP][0m [37m-->[39m [37mPOST[39m [37m/wd/hub/session/084471d1-c817-4f0e-92e3-4f86056eb378/elements[39m [90m{"using":"xpath","value":"//*[@class = 'android.widget.TextView' and (@text = 'PASSWORD' or . = 'PASSWORD')]"}[39m
[38;5;107m[084471d1][0m[38;5;86m[HTTP][0m [37m<-- POST /wd/hub/session/084471d1-c817-4f0e-92e3-4f86056eb378/elements [39m[32m200[39m [90m687 ms - 139[39m [90m[39m
[38;5;107m[084471d1][0m[38;5;86m[HTTP][0m [37m-->[39m [37mPOST[39m [37m/wd/hub/session/084471d1-c817-4f0e-92e3-4f86056eb378/timeouts[39m [90m{"implicit":60000}[39m
[38;5;107m[084471d1][0m[38;5;86m[HTTP][0m [37m<-- POST /wd/hub/session/084471d1-c817-4f0e-92e3-4f86056eb378/timeouts [39m[32m200[39m [90m1 ms - 14[39m [90m[39m
[38;5;107m[084471d1][0m[38;5;86m[HTTP][0m [37m-->[39m [37mGET[39m [37m/wd/hub/session/084471d1-c817-4f0e-92e3-4f86056eb378/element/00000000-0000-00e3-ffff-ffff000000df/rect[39m [90m{}[39m
[38;5;107m[084471d1][0m[38;5;-53m[AndroidUiautomator2Driver@485c][0m Driver proxy active, passing request on via HTTP proxy
[38;5;107m[084471d1][0m[38;5;-53m[AndroidUiautomator2Driver@485c][0m Replacing sessionId 10591c7b-29b5-481e-a34f-23739ca4c404 with 084471d1-c817-4f0e-92e3-4f86056eb378
[38;5;107m[084471d1][0m[38;5;86m[HTTP][0m [37m<-- GET /wd/hub/session/084471d1-c817-4f0e-92e3-4f86056eb378/element/00000000-0000-00e3-ffff-ffff000000df/rect [39m[32m200[39m [90m24 ms - 51[39m [90m[39m
[38;5;107m[084471d1][0m[38;5;86m[HTTP][0m [37m-->[39m [37mGET[39m [37m/wd/hub/session/084471d1-c817-4f0e-92e3-4f86056eb378/element/00000000-0000-00e3-ffff-ffff000000df/rect[39m [90m{}[39m
[38;5;107m[084471d1][0m[38;5;-53m[AndroidUiautomator2Driver@485c][0m Driver proxy active, passing request on via HTTP proxy
[38;5;107m[084471d1][0m[38;5;-53m[AndroidUiautomator2Driver@485c][0m Replacing sessionId 10591c7b-29b5-481e-a34f-23739ca4c404 with 084471d1-c817-4f0e-92e3-4f86056eb378
[38;5;107m[084471d1][0m[38;5;86m[HTTP][0m [37m<-- GET /wd/hub/session/084471d1-c817-4f0e-92e3-4f86056eb378/element/00000000-0000-00e3-ffff-ffff000000df/rect [39m[32m200[39m [90m15 ms - 51[39m [90m[39m
[38;5;107m[084471d1][0m[38;5;86m[HTTP][0m [37m-->[39m [37mDELETE[39m [37m/wd/hub/session/084471d1-c817-4f0e-92e3-4f86056eb378[39m [90m{}[39m
[38;5;107m[084471d1][0m[38;5;61m[AppiumDriver@2f81][0m Removing session 084471d1-c817-4f0e-92e3-4f86056eb378 from our master session list
[38;5;107m[084471d1][0m[38;5;-53m[AndroidUiautomator2Driver@485c][0m Restoring hidden api policy to the device default configuration
[38;5;107m[084471d1][0m[38;5;86m[HTTP][0m [37m<-- DELETE /wd/hub/session/084471d1-c817-4f0e-92e3-4f86056eb378 [39m[32m200[39m [90m885 ms - 14[39m [90m[39m
